# JRE version: OpenJDK Runtime Environment Temurin-17.0.2+8 (17.0.2+8) (build 17.0.2+8)
# Java VM: OpenJDK 64-Bit Server VM Temurin-17.0.2+8 (17.0.2+8, mixed mode, tiered, compressed oops, compressed class ptrs, parallel gc, windows-amd64)
GC Precious Log:
 CPUs: 4 total, 4 available
 Memory: 3544M
 Large Page Support: Disabled
 NUMA Support: Disabled
 Compressed Oops: Enabled (32-bit)
 Alignments: Space 512K, Generation 512K, Heap 2M
 Heap Min Capacity: 100M
 Heap Initial Capacity: 100M
 Heap Max Capacity: 1G
 Pre-touch: Disabled
 Parallel Workers: 4
Heap:
 PSYoungGen      total 24064K, used 15848K [0x00000000eab00000, 0x00000000edc80000, 0x0000000100000000)
  eden space 8192K, 0% used [0x00000000eab00000,0x00000000eab00000,0x00000000eb300000)
  from space 15872K, 99% used [0x00000000ec600000,0x00000000ed57a368,0x00000000ed580000)
  to   space 19456K, 0% used [0x00000000eb300000,0x00000000eb300000,0x00000000ec600000)
 ParOldGen       total 493056K, used 491004K [0x00000000c0000000, 0x00000000de180000, 0x00000000eab00000)
  object space 493056K, 99% used [0x00000000c0000000,0x00000000ddf7f298,0x00000000de180000)
 Metaspace       used 64939K, committed 65920K, reserved 1114112K
  class space    used 6772K, committed 7168K, reserved 1048576K
GC Heap History (20 events):
Event: 174.677 GC heap after
{Heap after GC invocations=321 (full 10):
 PSYoungGen      total 32768K, used 7839K [0x00000000eab00000, 0x00000000ed380000, 0x0000000100000000)
  eden space 23552K, 0% used [0x00000000eab00000,0x00000000eab00000,0x00000000ec200000)
  from space 9216K, 85% used [0x00000000ec200000,0x00000000ec9a7c38,0x00000000ecb00000)
  to   space 8192K, 0% used [0x00000000ecb80000,0x00000000ecb80000,0x00000000ed380000)
 ParOldGen       total 469504K, used 422107K [0x00000000c0000000, 0x00000000dca80000, 0x00000000eab00000)
  object space 469504K, 89% used [0x00000000c0000000,0x00000000d9c36f68,0x00000000dca80000)
 Metaspace       used 63918K, committed 64896K, reserved 1114112K
  class space    used 6716K, committed 7104K, reserved 1048576K
}
Event: 175.198 GC heap before
{Heap before GC invocations=322 (full 10):
 PSYoungGen      total 32768K, used 31391K [0x00000000eab00000, 0x00000000ed380000, 0x0000000100000000)
  eden space 23552K, 100% used [0x00000000eab00000,0x00000000ec200000,0x00000000ec200000)
  from space 9216K, 85% used [0x00000000ec200000,0x00000000ec9a7c38,0x00000000ecb00000)
  to   space 8192K, 0% used [0x00000000ecb80000,0x00000000ecb80000,0x00000000ed380000)
 ParOldGen       total 469504K, used 422107K [0x00000000c0000000, 0x00000000dca80000, 0x00000000eab00000)
  object space 469504K, 89% used [0x00000000c0000000,0x00000000d9c36f68,0x00000000dca80000)
 Metaspace       used 63941K, committed 64896K, reserved 1114112K
  class space    used 6718K, committed 7104K, reserved 1048576K
}
Event: 175.260 GC heap after
{Heap after GC invocations=322 (full 10):
 PSYoungGen      total 19456K, used 8179K [0x00000000eab00000, 0x00000000eee80000, 0x0000000100000000)
  eden space 11264K, 0% used [0x00000000eab00000,0x00000000eab00000,0x00000000eb600000)
  from space 8192K, 99% used [0x00000000ecb80000,0x00000000ed37cca0,0x00000000ed380000)
  to   space 22016K, 0% used [0x00000000eb600000,0x00000000eb600000,0x00000000ecb80000)
 ParOldGen       total 469504K, used 433647K [0x00000000c0000000, 0x00000000dca80000, 0x00000000eab00000)
  object space 469504K, 92% used [0x00000000c0000000,0x00000000da77bed0,0x00000000dca80000)
 Metaspace       used 63941K, committed 64896K, reserved 1114112K
  class space    used 6718K, committed 7104K, reserved 1048576K
}
Event: 175.858 GC heap before
{Heap before GC invocations=323 (full 10):
 PSYoungGen      total 19456K, used 19443K [0x00000000eab00000, 0x00000000eee80000, 0x0000000100000000)
  eden space 11264K, 100% used [0x00000000eab00000,0x00000000eb600000,0x00000000eb600000)
  from space 8192K, 99% used [0x00000000ecb80000,0x00000000ed37cca0,0x00000000ed380000)
  to   space 22016K, 0% used [0x00000000eb600000,0x00000000eb600000,0x00000000ecb80000)
 ParOldGen       total 469504K, used 433647K [0x00000000c0000000, 0x00000000dca80000, 0x00000000eab00000)
  object space 469504K, 92% used [0x00000000c0000000,0x00000000da77bed0,0x00000000dca80000)
 Metaspace       used 63974K, committed 64960K, reserved 1114112K
  class space    used 6719K, committed 7104K, reserved 1048576K
}
Event: 175.894 GC heap after
{Heap after GC invocations=323 (full 10):
 PSYoungGen      total 22528K, used 10866K [0x00000000eab00000, 0x00000000ed300000, 0x0000000100000000)
  eden space 11264K, 0% used [0x00000000eab00000,0x00000000eab00000,0x00000000eb600000)
  from space 11264K, 96% used [0x00000000eb600000,0x00000000ec09c9a8,0x00000000ec100000)
  to   space 14336K, 0% used [0x00000000ec500000,0x00000000ec500000,0x00000000ed300000)
 ParOldGen       total 469504K, used 433679K [0x00000000c0000000, 0x00000000dca80000, 0x00000000eab00000)
  object space 469504K, 92% used [0x00000000c0000000,0x00000000da783ed0,0x00000000dca80000)
 Metaspace       used 63974K, committed 64960K, reserved 1114112K
  class space    used 6719K, committed 7104K, reserved 1048576K
}
Event: 177.104 GC heap before
{Heap before GC invocations=324 (full 10):
 PSYoungGen      total 22528K, used 22130K [0x00000000eab00000, 0x00000000ed300000, 0x0000000100000000)
  eden space 11264K, 100% used [0x00000000eab00000,0x00000000eb600000,0x00000000eb600000)
  from space 11264K, 96% used [0x00000000eb600000,0x00000000ec09c9a8,0x00000000ec100000)
  to   space 14336K, 0% used [0x00000000ec500000,0x00000000ec500000,0x00000000ed300000)
 ParOldGen       total 469504K, used 433679K [0x00000000c0000000, 0x00000000dca80000, 0x00000000eab00000)
  object space 469504K, 92% used [0x00000000c0000000,0x00000000da783ed0,0x00000000dca80000)
 Metaspace       used 63974K, committed 64960K, reserved 1114112K
  class space    used 6719K, committed 7104K, reserved 1048576K
}
Event: 177.143 GC heap after
{Heap after GC invocations=324 (full 10):
 PSYoungGen      total 26112K, used 13872K [0x00000000eab00000, 0x00000000ed400000, 0x0000000100000000)
  eden space 11776K, 0% used [0x00000000eab00000,0x00000000eab00000,0x00000000eb680000)
  from space 14336K, 96% used [0x00000000ec500000,0x00000000ed28c068,0x00000000ed300000)
  to   space 14848K, 0% used [0x00000000eb680000,0x00000000eb680000,0x00000000ec500000)
 ParOldGen       total 469504K, used 433679K [0x00000000c0000000, 0x00000000dca80000, 0x00000000eab00000)
  object space 469504K, 92% used [0x00000000c0000000,0x00000000da783ed0,0x00000000dca80000)
 Metaspace       used 63974K, committed 64960K, reserved 1114112K
  class space    used 6719K, committed 7104K, reserved 1048576K
}
Event: 178.263 GC heap before
{Heap before GC invocations=325 (full 10):
 PSYoungGen      total 26112K, used 25648K [0x00000000eab00000, 0x00000000ed400000, 0x0000000100000000)
  eden space 11776K, 100% used [0x00000000eab00000,0x00000000eb680000,0x00000000eb680000)
  from space 14336K, 96% used [0x00000000ec500000,0x00000000ed28c068,0x00000000ed300000)
  to   space 14848K, 0% used [0x00000000eb680000,0x00000000eb680000,0x00000000ec500000)
 ParOldGen       total 469504K, used 433679K [0x00000000c0000000, 0x00000000dca80000, 0x00000000eab00000)
  object space 469504K, 92% used [0x00000000c0000000,0x00000000da783ed0,0x00000000dca80000)
 Metaspace       used 63974K, committed 64960K, reserved 1114112K
  class space    used 6719K, committed 7104K, reserved 1048576K
}
Event: 178.311 GC heap after
{Heap after GC invocations=325 (full 10):
 PSYoungGen      total 26624K, used 14841K [0x00000000eab00000, 0x00000000edc00000, 0x0000000100000000)
  eden space 11776K, 0% used [0x00000000eab00000,0x00000000eab00000,0x00000000eb680000)
  from space 14848K, 99% used [0x00000000eb680000,0x00000000ec4fe4b0,0x00000000ec500000)
  to   space 18944K, 0% used [0x00000000ec980000,0x00000000ec980000,0x00000000edc00000)
 ParOldGen       total 469504K, used 436717K [0x00000000c0000000, 0x00000000dca80000, 0x00000000eab00000)
  object space 469504K, 93% used [0x00000000c0000000,0x00000000daa7b690,0x00000000dca80000)
 Metaspace       used 63974K, committed 64960K, reserved 1114112K
  class space    used 6719K, committed 7104K, reserved 1048576K
}
Event: 9971.423 GC heap before
{Heap before GC invocations=326 (full 10):
 PSYoungGen      total 26624K, used 26617K [0x00000000eab00000, 0x00000000edc00000, 0x0000000100000000)
  eden space 11776K, 100% used [0x00000000eab00000,0x00000000eb680000,0x00000000eb680000)
  from space 14848K, 99% used [0x00000000eb680000,0x00000000ec4fe4b0,0x00000000ec500000)
  to   space 18944K, 0% used [0x00000000ec980000,0x00000000ec980000,0x00000000edc00000)
 ParOldGen       total 469504K, used 436717K [0x00000000c0000000, 0x00000000dca80000, 0x00000000eab00000)
  object space 469504K, 93% used [0x00000000c0000000,0x00000000daa7b690,0x00000000dca80000)
 Metaspace       used 64239K, committed 65216K, reserved 1114112K
  class space    used 6741K, committed 7168K, reserved 1048576K
}
Event: 9985.144 GC heap after
{Heap after GC invocations=326 (full 10):
 PSYoungGen      total 28160K, used 16152K [0x00000000eab00000, 0x00000000ed980000, 0x0000000100000000)
  eden space 11776K, 0% used [0x00000000eab00000,0x00000000eab00000,0x00000000eb680000)
  from space 16384K, 98% used [0x00000000ec980000,0x00000000ed946138,0x00000000ed980000)
  to   space 16896K, 0% used [0x00000000eb880000,0x00000000eb880000,0x00000000ec900000)
 ParOldGen       total 469504K, used 438081K [0x00000000c0000000, 0x00000000dca80000, 0x00000000eab00000)
  object space 469504K, 93% used [0x00000000c0000000,0x00000000dabd06b8,0x00000000dca80000)
 Metaspace       used 64239K, committed 65216K, reserved 1114112K
  class space    used 6741K, committed 7168K, reserved 1048576K
}
Event: 10103.446 GC heap before
{Heap before GC invocations=327 (full 10):
 PSYoungGen      total 28160K, used 27928K [0x00000000eab00000, 0x00000000ed980000, 0x0000000100000000)
  eden space 11776K, 99% used [0x00000000eab00000,0x00000000eb67fff8,0x00000000eb680000)
  from space 16384K, 98% used [0x00000000ec980000,0x00000000ed946138,0x00000000ed980000)
  to   space 16896K, 0% used [0x00000000eb880000,0x00000000eb880000,0x00000000ec900000)
 ParOldGen       total 469504K, used 461121K [0x00000000c0000000, 0x00000000dca80000, 0x00000000eab00000)
  object space 469504K, 98% used [0x00000000c0000000,0x00000000dc2506d8,0x00000000dca80000)
 Metaspace       used 64379K, committed 65344K, reserved 1114112K
  class space    used 6748K, committed 7168K, reserved 1048576K
}
Event: 10103.672 GC heap after
{Heap after GC invocations=327 (full 10):
 PSYoungGen      total 28160K, used 16192K [0x00000000eab00000, 0x00000000ed680000, 0x0000000100000000)
  eden space 11776K, 0% used [0x00000000eab00000,0x00000000eab00000,0x00000000eb680000)
  from space 16384K, 98% used [0x00000000eb880000,0x00000000ec8503d8,0x00000000ec880000)
  to   space 14336K, 0% used [0x00000000ec880000,0x00000000ec880000,0x00000000ed680000)
 ParOldGen       total 469504K, used 461129K [0x00000000c0000000, 0x00000000dca80000, 0x00000000eab00000)
  object space 469504K, 98% used [0x00000000c0000000,0x00000000dc2526d8,0x00000000dca80000)
 Metaspace       used 64379K, committed 65344K, reserved 1114112K
  class space    used 6748K, committed 7168K, reserved 1048576K
}
Event: 10123.302 GC heap before
{Heap before GC invocations=328 (full 10):
 PSYoungGen      total 28160K, used 27956K [0x00000000eab00000, 0x00000000ed680000, 0x0000000100000000)
  eden space 11776K, 99% used [0x00000000eab00000,0x00000000eb67ce00,0x00000000eb680000)
  from space 16384K, 98% used [0x00000000eb880000,0x00000000ec8503d8,0x00000000ec880000)
  to   space 14336K, 0% used [0x00000000ec880000,0x00000000ec880000,0x00000000ed680000)
 ParOldGen       total 493056K, used 484169K [0x00000000c0000000, 0x00000000de180000, 0x00000000eab00000)
  object space 493056K, 98% used [0x00000000c0000000,0x00000000dd8d26f8,0x00000000de180000)
 Metaspace       used 64549K, committed 65536K, reserved 1114112K
  class space    used 6750K, committed 7168K, reserved 1048576K
}
Event: 10123.378 GC heap after
{Heap after GC invocations=328 (full 10):
 PSYoungGen      total 26112K, used 14314K [0x00000000eab00000, 0x00000000ed780000, 0x0000000100000000)
  eden space 11776K, 0% used [0x00000000eab00000,0x00000000eab00000,0x00000000eb680000)
  from space 14336K, 99% used [0x00000000ec880000,0x00000000ed67aa60,0x00000000ed680000)
  to   space 16896K, 0% used [0x00000000eb680000,0x00000000eb680000,0x00000000ec700000)
 ParOldGen       total 493056K, used 486216K [0x00000000c0000000, 0x00000000de180000, 0x00000000eab00000)
  object space 493056K, 98% used [0x00000000c0000000,0x00000000ddad2250,0x00000000de180000)
 Metaspace       used 64549K, committed 65536K, reserved 1114112K
  class space    used 6750K, committed 7168K, reserved 1048576K
}
Event: 10126.188 GC heap before
{Heap before GC invocations=329 (full 10):
 PSYoungGen      total 26112K, used 26090K [0x00000000eab00000, 0x00000000ed780000, 0x0000000100000000)
  eden space 11776K, 100% used [0x00000000eab00000,0x00000000eb680000,0x00000000eb680000)
  from space 14336K, 99% used [0x00000000ec880000,0x00000000ed67aa60,0x00000000ed680000)
  to   space 16896K, 0% used [0x00000000eb680000,0x00000000eb680000,0x00000000ec700000)
 ParOldGen       total 493056K, used 486216K [0x00000000c0000000, 0x00000000de180000, 0x00000000eab00000)
  object space 493056K, 98% used [0x00000000c0000000,0x00000000ddad2250,0x00000000de180000)
 Metaspace       used 64762K, committed 65728K, reserved 1114112K
  class space    used 6767K, committed 7168K, reserved 1048576K
}
Event: 10126.231 GC heap after
{Heap after GC invocations=329 (full 10):
 PSYoungGen      total 27136K, used 14894K [0x00000000eab00000, 0x00000000ed580000, 0x0000000100000000)
  eden space 11776K, 0% used [0x00000000eab00000,0x00000000eab00000,0x00000000eb680000)
  from space 15360K, 96% used [0x00000000eb680000,0x00000000ec50bbe0,0x00000000ec580000)
  to   space 15872K, 0% used [0x00000000ec600000,0x00000000ec600000,0x00000000ed580000)
 ParOldGen       total 493056K, used 488216K [0x00000000c0000000, 0x00000000de180000, 0x00000000eab00000)
  object space 493056K, 99% used [0x00000000c0000000,0x00000000ddcc6250,0x00000000de180000)
 Metaspace       used 64762K, committed 65728K, reserved 1114112K
  class space    used 6767K, committed 7168K, reserved 1048576K
}
Event: 10128.611 GC heap before
{Heap before GC invocations=330 (full 10):
 PSYoungGen      total 27136K, used 26670K [0x00000000eab00000, 0x00000000ed580000, 0x0000000100000000)
  eden space 11776K, 100% used [0x00000000eab00000,0x00000000eb680000,0x00000000eb680000)
  from space 15360K, 96% used [0x00000000eb680000,0x00000000ec50bbe0,0x00000000ec580000)
  to   space 15872K, 0% used [0x00000000ec600000,0x00000000ec600000,0x00000000ed580000)
 ParOldGen       total 493056K, used 488216K [0x00000000c0000000, 0x00000000de180000, 0x00000000eab00000)
  object space 493056K, 99% used [0x00000000c0000000,0x00000000ddcc6250,0x00000000de180000)
 Metaspace       used 64939K, committed 65920K, reserved 1114112K
  class space    used 6772K, committed 7168K, reserved 1048576K
}
Event: 10128.658 GC heap after
{Heap after GC invocations=330 (full 10):
 PSYoungGen      total 24064K, used 15848K [0x00000000eab00000, 0x00000000edc80000, 0x0000000100000000)
  eden space 8192K, 0% used [0x00000000eab00000,0x00000000eab00000,0x00000000eb300000)
  from space 15872K, 99% used [0x00000000ec600000,0x00000000ed57a368,0x00000000ed580000)
  to   space 19456K, 0% used [0x00000000eb300000,0x00000000eb300000,0x00000000ec600000)
 ParOldGen       total 493056K, used 491004K [0x00000000c0000000, 0x00000000de180000, 0x00000000eab00000)
  object space 493056K, 99% used [0x00000000c0000000,0x00000000ddf7f298,0x00000000de180000)
 Metaspace       used 64939K, committed 65920K, reserved 1114112K
  class space    used 6772K, committed 7168K, reserved 1048576K
}
Event: 10128.658 GC heap before
{Heap before GC invocations=331 (full 11):
 PSYoungGen      total 24064K, used 15848K [0x00000000eab00000, 0x00000000edc80000, 0x0000000100000000)
  eden space 8192K, 0% used [0x00000000eab00000,0x00000000eab00000,0x00000000eb300000)
  from space 15872K, 99% used [0x00000000ec600000,0x00000000ed57a368,0x00000000ed580000)
  to   space 19456K, 0% used [0x00000000eb300000,0x00000000eb300000,0x00000000ec600000)
 ParOldGen       total 493056K, used 491004K [0x00000000c0000000, 0x00000000de180000, 0x00000000eab00000)
  object space 493056K, 99% used [0x00000000c0000000,0x00000000ddf7f298,0x00000000de180000)
 Metaspace       used 64939K, committed 65920K, reserved 1114112K
  class space    used 6772K, committed 7168K, reserved 1048576K
}

